android/WeexFrameworkWrapper/app/build/outputs/logs/manifest-merger-samplechannel-debug-report.txt
-- Merging decision tree log ---
manifest
ADDED from src\main\AndroidManifest.xml:2:1-130:12
	package
		ADDED from src\main\AndroidManifest.xml:4:11-33
		INJECTED from src\main\AndroidManifest.xml
		INJECTED from src\main\AndroidManifest.xml
	android:versionName
		INJECTED from src\main\AndroidManifest.xml
		INJECTED from src\main\AndroidManifest.xml
	xmlns:tools
		ADDED from src\main\AndroidManifest.xml:3:11-57
	xmlns:android
		ADDED from src\main\AndroidManifest.xml:2:11-69
	android:versionCode
		INJECTED from src\main\AndroidManifest.xml
		INJECTED from src\main\AndroidManifest.xml
uses-permission#android.permission.INTERNET
ADDED from src\main\AndroidManifest.xml:6:5-66
	android:name
		ADDED from src\main\AndroidManifest.xml:6:22-64
uses-permission#android.permission.WRITE_EXTERNAL_STORAGE
ADDED from src\main\AndroidManifest.xml:7:5-80
MERGED from [:bm_imagepicker:] AndroidManifest.xml:14:5-81
	android:name
		ADDED from src\main\AndroidManifest.xml:7:22-78
uses-permission#android.permission.READ_EXTERNAL_STORAGE
ADDED from src\main\AndroidManifest.xml:8:5-79
MERGED from [:bm_imagepicker:] AndroidManifest.xml:16:5-80
	android:name
		ADDED from src\main\AndroidManifest.xml:8:22-77
uses-permission#android.permission.CAMERA
ADDED from src\main\AndroidManifest.xml:9:5-64
MERGED from [:bm_imagepicker:] AndroidManifest.xml:18:5-65
MERGED from [com.journeyapps:zxing-android-embedded:3.4.0] AndroidManifest.xml:21:5-65
	android:name
		ADDED from src\main\AndroidManifest.xml:9:22-62
uses-permission#android.permission.ACCESS_NETWORK_STATE
ADDED from src\main\AndroidManifest.xml:10:5-78
	android:name
		ADDED from src\main\AndroidManifest.xml:10:22-76
uses-permission#com.android.launcher.permission.INSTALL_SHORTCUT
ADDED from src\main\AndroidManifest.xml:11:5-87
	android:name
		ADDED from src\main\AndroidManifest.xml:11:22-85
uses-permission#android.permission.SYSTEM_ALERT_WINDOW
ADDED from src\main\AndroidManifest.xml:12:5-77
	android:name
		ADDED from src\main\AndroidManifest.xml:12:22-75
uses-permission#android.permission.SYSTEM_OVERLAY_WINDOW
ADDED from src\main\AndroidManifest.xml:13:5-79
	android:name
		ADDED from src\main\AndroidManifest.xml:13:22-77
uses-permission#android.permission.VIBRATE
ADDED from src\main\AndroidManifest.xml:14:5-65
	android:name
		ADDED from src\main\AndroidManifest.xml:14:22-63
uses-permission#android.permission.READ_PHONE_STATE
ADDED from src\main\AndroidManifest.xml:15:5-74
	android:name
		ADDED from src\main\AndroidManifest.xml:15:22-72
uses-permission#android.permission.READ_LOGS
ADDED from src\main\AndroidManifest.xml:16:5-67
	android:name
		ADDED from src\main\AndroidManifest.xml:16:22-65
uses-permission#android.permission.ACCESS_COARSE_LOCATION
ADDED from src\main\AndroidManifest.xml:18:5-80
	android:name
		ADDED from src\main\AndroidManifest.xml:18:22-78
uses-permission#android.permission.ACCESS_FINE_LOCATION
ADDED from src\main\AndroidManifest.xml:20:5-78
	android:name
		ADDED from src\main\AndroidManifest.xml:20:22-76
uses-permission#android.permission.ACCESS_WIFI_STATE
ADDED from src\main\AndroidManifest.xml:21:5-75
	android:name
		ADDED from src\main\AndroidManifest.xml:21:22-73
uses-permission#android.permission.CHANGE_WIFI_STATE
ADDED from src\main\AndroidManifest.xml:22:5-75
	android:name
		ADDED from src\main\AndroidManifest.xml:22:22-73
uses-permission#android.permission.ACCESS_GPS
ADDED from src\main\AndroidManifest.xml:24:5-68
	android:name
		ADDED from src\main\AndroidManifest.xml:24:22-66
uses-feature#android.hardware.camera
ADDED from src\main\AndroidManifest.xml:26:5-59
MERGED from [com.journeyapps:zxing-android-embedded:3.4.0] AndroidManifest.xml:24:5-26:36
	android:name
		ADDED from src\main\AndroidManifest.xml:26:19-57
uses-feature#android.hardware.camera.autofocus
ADDED from src\main\AndroidManifest.xml:27:5-69
MERGED from [com.journeyapps:zxing-android-embedded:3.4.0] AndroidManifest.xml:32:5-34:36
	android:name
		ADDED from src\main\AndroidManifest.xml:27:19-67
uses-permission#android.permission.GET_TASKS
ADDED from src\main\AndroidManifest.xml:29:5-67
	android:name
		ADDED from src\main\AndroidManifest.xml:29:22-65
uses-permission#getui.permission.GetuiService.com.bmdoctor.jyt
ADDED from src\main\AndroidManifest.xml:30:5-85
	android:name
		ADDED from src\main\AndroidManifest.xml:30:22-83
uses-permission#android.permission.ACCESS_LOCATION_EXTRA_COMMANDS
ADDED from src\main\AndroidManifest.xml:33:5-88
	android:name
		ADDED from src\main\AndroidManifest.xml:33:22-86
application
ADDED from src\main\AndroidManifest.xml:34:5-128:19
MERGED from [WeexFrameworkWrapper:wxframework:unspecified] AndroidManifest.xml:11:5-15:19
MERGED from [com.taobao.android:weex_inspector:0.11.0] AndroidManifest.xml:13:5-20
MERGED from [WeexFrameworkWrapper:sdk:0.9.4] AndroidManifest.xml:29:5-35:19
MERGED from [:bm_imagepicker:] AndroidManifest.xml:20:5-45:19
MERGED from [com.journeyapps:zxing-android-embedded:3.4.0] AndroidManifest.xml:45:5-53:19
MERGED from [WeexFrameworkWrapper:bmwidget:unspecified] AndroidManifest.xml:11:5-15:19
MERGED from [com.android.support:appcompat-v7:25.3.1] AndroidManifest.xml:29:5-20
MERGED from [com.android.support:animated-vector-drawable:25.3.1] AndroidManifest.xml:26:5-20
MERGED from [com.android.support:support-vector-drawable:25.3.1] AndroidManifest.xml:26:5-20
MERGED from [com.android.support:support-v4:25.3.1] AndroidManifest.xml:29:5-20
MERGED from [com.android.support:support-fragment:25.3.1] AndroidManifest.xml:29:5-20
MERGED from [com.android.support:support-media-compat:25.3.1] AndroidManifest.xml:29:5-20
MERGED from [com.android.support:support-core-ui:25.3.1] AndroidManifest.xml:29:5-20
MERGED from [com.android.support:support-core-utils:25.3.1] AndroidManifest.xml:29:5-20
MERGED from [com.android.support:support-compat:25.3.1] AndroidManifest.xml:29:5-20
	android:label
		ADDED from src\main\AndroidManifest.xml:38:13-45
	android:supportsRtl
		ADDED from src\main\AndroidManifest.xml:39:13-39
	android:allowBackup
		ADDED from src\main\AndroidManifest.xml:36:13-39
	android:icon
		ADDED from src\main\AndroidManifest.xml:37:13-47
	android:theme
		ADDED from src\main\AndroidManifest.xml:41:13-56
	android:name
		ADDED from src\main\AndroidManifest.xml:40:13-32
meta-data#UMENG_APPKEY
ADDED from src\main\AndroidManifest.xml:45:9-47:51
	android:value
		ADDED from src\main\AndroidManifest.xml:47:17-49
		INJECTED from src\main\AndroidManifest.xml
	android:name
		ADDED from src\main\AndroidManifest.xml:46:17-44
meta-data#UMENG_CHANNEL
ADDED from src\main\AndroidManifest.xml:48:9-50:57
	android:value
		ADDED from src\main\AndroidManifest.xml:50:17-55
		INJECTED from src\main\AndroidManifest.xml
	android:name
		ADDED from src\main\AndroidManifest.xml:49:17-45
activity#com.benmu.wx.activity.MainActivity
ADDED from src\main\AndroidManifest.xml:53:9-63:20
	android:name
		ADDED from src\main\AndroidManifest.xml:53:19-68
intent-filter#android.intent.action.VIEW+android.intent.category.DEFAULT+com.benmu.weex.example.categoty.page
ADDED from src\main\AndroidManifest.xml:54:13-62:29
action#android.intent.action.VIEW
ADDED from src\main\AndroidManifest.xml:55:17-68
	android:name
		ADDED from src\main\AndroidManifest.xml:55:25-66
category#android.intent.category.DEFAULT
ADDED from src\main\AndroidManifest.xml:57:17-75
	android:name
		ADDED from src\main\AndroidManifest.xml:57:27-73
category#com.benmu.weex.example.categoty.page
ADDED from src\main\AndroidManifest.xml:58:17-80
	android:name
		ADDED from src\main\AndroidManifest.xml:58:27-78
data
ADDED from src\main\AndroidManifest.xml:60:17-46
	android:scheme
		ADDED from src\main\AndroidManifest.xml:60:23-44
activity#com.journeyapps.barcodescanner.CaptureActivity
ADDED from src\main\AndroidManifest.xml:65:9-69:19
MERGED from [com.journeyapps:zxing-android-embedded:3.4.0] AndroidManifest.xml:46:9-52:63
	android:screenOrientation
		ADDED from src\main\AndroidManifest.xml:67:17-53
		REJECTED from [com.journeyapps:zxing-android-embedded:3.4.0] AndroidManifest.xml:49:13-56
	android:clearTaskOnLaunch
		ADDED from [com.journeyapps:zxing-android-embedded:3.4.0] AndroidManifest.xml:48:13-45
	android:stateNotNeeded
		ADDED from [com.journeyapps:zxing-android-embedded:3.4.0] AndroidManifest.xml:50:13-42
	android:windowSoftInputMode
		ADDED from [com.journeyapps:zxing-android-embedded:3.4.0] AndroidManifest.xml:52:13-60
	android:theme
		ADDED from [com.journeyapps:zxing-android-embedded:3.4.0] AndroidManifest.xml:51:13-54
	tools:replace
		ADDED from src\main\AndroidManifest.xml:68:17-50
	android:name
		ADDED from src\main\AndroidManifest.xml:66:17-78
activity#com.benmu.framework.activity.BrowseImgActivity
ADDED from src\main\AndroidManifest.xml:72:9-75:72
	android:screenOrientation
		ADDED from src\main\AndroidManifest.xml:74:17-53
	android:theme
		ADDED from src\main\AndroidManifest.xml:75:17-70
	android:name
		ADDED from src\main\AndroidManifest.xml:73:17-78
activity#com.benmu.wx.activity.SplashActivity
ADDED from src\main\AndroidManifest.xml:77:9-86:20
	android:theme
		ADDED from src\main\AndroidManifest.xml:79:17-55
	android:name
		ADDED from src\main\AndroidManifest.xml:78:17-56
intent-filter#android.intent.action.MAIN+android.intent.category.LAUNCHER
ADDED from src\main\AndroidManifest.xml:81:13-85:29
action#android.intent.action.MAIN
ADDED from src\main\AndroidManifest.xml:82:17-68
	android:name
		ADDED from src\main\AndroidManifest.xml:82:25-66
category#android.intent.category.LAUNCHER
ADDED from src\main\AndroidManifest.xml:84:17-76
	android:name
		ADDED from src\main\AndroidManifest.xml:84:27-74
activity#com.benmu.framework.activity.GlobalWebViewActivity
ADDED from src\main\AndroidManifest.xml:88:9-95:20
	android:name
		ADDED from src\main\AndroidManifest.xml:88:19-84
intent-filter#android.intent.action.VIEW+android.intent.category.DEFAULT+com.benmu.weex.example.category.web
ADDED from src\main\AndroidManifest.xml:89:13-94:29
category#com.benmu.weex.example.category.web
ADDED from src\main\AndroidManifest.xml:93:17-79
	android:name
		ADDED from src\main\AndroidManifest.xml:93:27-77
activity#com.benmu.framework.activity.DebugActivity
ADDED from src\main\AndroidManifest.xml:97:9-104:20
	android:name
		ADDED from src\main\AndroidManifest.xml:97:19-76
intent-filter#android.intent.action.VIEW+android.intent.category.DEFAULT+com.benmu.weex.example.category.debug
ADDED from src\main\AndroidManifest.xml:98:13-103:29
category#com.benmu.weex.example.category.debug
ADDED from src\main\AndroidManifest.xml:102:17-81
	android:name
		ADDED from src\main\AndroidManifest.xml:102:27-79
service#com.benmu.framework.service.BroadcastChannelService
ADDED from src\main\AndroidManifest.xml:106:9-86
	android:name
		ADDED from src\main\AndroidManifest.xml:106:18-84
activity#com.benmu.wx.wxapi.WXEntryActivity
ADDED from src\main\AndroidManifest.xml:109:9-121:20
	android:launchMode
		ADDED from src\main\AndroidManifest.xml:112:17-47
	android:exported
		ADDED from src\main\AndroidManifest.xml:111:17-40
	android:theme
		ADDED from src\main\AndroidManifest.xml:113:17-87
	android:name
		ADDED from src\main\AndroidManifest.xml:110:17-54
intent-filter#android.intent.action.VIEW+android.intent.category.DEFAULT
ADDED from src\main\AndroidManifest.xml:114:13-120:29
activity#com.benmu.wx.wxapi.WXPayEntryActivity
ADDED from src\main\AndroidManifest.xml:123:9-126:49
	android:launchMode
		ADDED from src\main\AndroidManifest.xml:126:17-47
	android:exported
		ADDED from src\main\AndroidManifest.xml:125:17-40
	android:name
		ADDED from src\main\AndroidManifest.xml:124:17-57
uses-sdk
INJECTED from src\main\AndroidManifest.xml reason: use-sdk injection requested
MERGED from [WeexFrameworkWrapper:wxframework:unspecified] AndroidManifest.xml:7:5-9:41
MERGED from [com.taobao.android:weex_inspector:0.11.0] AndroidManifest.xml:8:5-11:60
MERGED from [WeexFrameworkWrapper:sdk:0.9.4] AndroidManifest.xml:25:5-27:41
MERGED from [:bm_imagepicker:] AndroidManifest.xml:7:5-9:41
MERGED from [com.journeyapps:zxing-android-embedded:3.4.0] AndroidManifest.xml:19:5-43
MERGED from [com.github.chrisbanes.photoview:library:1.2.4] AndroidManifest.xml:7:5-9:41
MERGED from [WeexFrameworkWrapper:bmwidget:unspecified] AndroidManifest.xml:7:5-9:41
MERGED from [com.android.support:appcompat-v7:25.3.1] AndroidManifest.xml:21:5-23:78
MERGED from [com.android.support:animated-vector-drawable:25.3.1] AndroidManifest.xml:20:5-44
MERGED from [com.android.support:support-vector-drawable:25.3.1] AndroidManifest.xml:20:5-43
MERGED from [com.android.support:recyclerview-v7:23.1.1] AndroidManifest.xml:20:5-43
MERGED from [com.android.support:support-v4:25.3.1] AndroidManifest.xml:21:5-23:54
MERGED from [com.android.support:support-fragment:25.3.1] AndroidManifest.xml:21:5-23:60
MERGED from [com.android.support:support-media-compat:25.3.1] AndroidManifest.xml:21:5-23:63
MERGED from [com.android.support:support-core-ui:25.3.1] AndroidManifest.xml:21:5-23:58
MERGED from [com.android.support:support-core-utils:25.3.1] AndroidManifest.xml:21:5-23:61
MERGED from [com.android.support:support-compat:25.3.1] AndroidManifest.xml:21:5-23:58
	tools:overrideLibrary
		ADDED from [com.taobao.android:weex_inspector:0.11.0] AndroidManifest.xml:11:9-57
	android:targetSdkVersion
		INJECTED from src\main\AndroidManifest.xml
		INJECTED from src\main\AndroidManifest.xml
	android:minSdkVersion
		INJECTED from src\main\AndroidManifest.xml
		INJECTED from src\main\AndroidManifest.xml
receiver#com.taobao.weex.WXGlobalEventReceiver
ADDED from [WeexFrameworkWrapper:sdk:0.9.4] AndroidManifest.xml:30:9-34:20
	android:enabled
		ADDED from [WeexFrameworkWrapper:sdk:0.9.4] AndroidManifest.xml:32:13-35
	android:exported
		ADDED from [WeexFrameworkWrapper:sdk:0.9.4] AndroidManifest.xml:33:13-37
	android:name
		ADDED from [WeexFrameworkWrapper:sdk:0.9.4] AndroidManifest.xml:31:13-65
uses-permission#android.permission.MOUNT_UNMOUNT_FILESYSTEMS
ADDED from [:bm_imagepicker:] AndroidManifest.xml:12:5-84
	android:name
		ADDED from [:bm_imagepicker:] AndroidManifest.xml:12:22-81
activity#com.lzy.imagepicker.ui.ImageBaseActivity
ADDED from [:bm_imagepicker:] AndroidManifest.xml:21:9-77
	android:name
		ADDED from [:bm_imagepicker:] AndroidManifest.xml:21:19-74
activity#com.lzy.imagepicker.ui.ImageGridActivity
ADDED from [:bm_imagepicker:] AndroidManifest.xml:22:9-25:55
	android:configChanges
		ADDED from [:bm_imagepicker:] AndroidManifest.xml:24:13-59
	android:theme
		ADDED from [:bm_imagepicker:] AndroidManifest.xml:25:13-52
	android:name
		ADDED from [:bm_imagepicker:] AndroidManifest.xml:23:13-68
activity#com.lzy.imagepicker.ui.ImageCropActivity
ADDED from [:bm_imagepicker:] AndroidManifest.xml:26:9-30:55
	android:hardwareAccelerated
		ADDED from [:bm_imagepicker:] AndroidManifest.xml:29:13-48
	android:configChanges
		ADDED from [:bm_imagepicker:] AndroidManifest.xml:28:13-59
	android:theme
		ADDED from [:bm_imagepicker:] AndroidManifest.xml:30:13-52
	android:name
		ADDED from [:bm_imagepicker:] AndroidManifest.xml:27:13-68
activity#com.lzy.imagepicker.ui.ImagePreviewActivity
ADDED from [:bm_imagepicker:] AndroidManifest.xml:31:9-34:65
	android:configChanges
		ADDED from [:bm_imagepicker:] AndroidManifest.xml:33:13-59
	android:theme
		ADDED from [:bm_imagepicker:] AndroidManifest.xml:34:13-62
	android:name
		ADDED from [:bm_imagepicker:] AndroidManifest.xml:32:13-71
provider#com.lzy.imagepicker.ImagePickerProvider
ADDED from [:bm_imagepicker:] AndroidManifest.xml:36:9-44:20
	android:authorities
		ADDED from [:bm_imagepicker:] AndroidManifest.xml:38:13-60
	android:grantUriPermissions
		ADDED from [:bm_imagepicker:] AndroidManifest.xml:40:13-47
	android:exported
		ADDED from [:bm_imagepicker:] AndroidManifest.xml:39:13-37
	android:name
		ADDED from [:bm_imagepicker:] AndroidManifest.xml:37:13-67
meta-data#android.support.FILE_PROVIDER_PATHS
ADDED from [:bm_imagepicker:] AndroidManifest.xml:41:13-43:58
	android:resource
		ADDED from [:bm_imagepicker:] AndroidManifest.xml:43:17-55
	android:name
		ADDED from [:bm_imagepicker:] AndroidManifest.xml:42:17-67
uses-feature#android.hardware.camera.front
ADDED from [com.journeyapps:zxing-android-embedded:3.4.0] AndroidManifest.xml:27:5-29:36
	android:required
		ADDED from [com.journeyapps:zxing-android-embedded:3.4.0] AndroidManifest.xml:29:9-33
	android:name
		ADDED from [com.journeyapps:zxing-android-embedded:3.4.0] AndroidManifest.xml:28:9-53
uses-feature#android.hardware.camera.flash
ADDED from [com.journeyapps:zxing-android-embedded:3.4.0] AndroidManifest.xml:35:5-37:36
	android:required
		ADDED from [com.journeyapps:zxing-android-embedded:3.4.0] AndroidManifest.xml:37:9-33
	android:name
		ADDED from [com.journeyapps:zxing-android-embedded:3.4.0] AndroidManifest.xml:36:9-53
uses-feature#android.hardware.screen.landscape
ADDED from [com.journeyapps:zxing-android-embedded:3.4.0] AndroidManifest.xml:38:5-40:36
	android:required
		ADDED from [com.journeyapps:zxing-android-embedded:3.4.0] AndroidManifest.xml:40:9-33
	android:name
		ADDED from [com.journeyapps:zxing-android-embedded:3.4.0] AndroidManifest.xml:39:9-57
uses-feature#android.hardware.wifi
ADDED from [com.journeyapps:zxing-android-embedded:3.4.0] AndroidManifest.xml:41:5-43:36
	android:required
		ADDED from [com.journeyapps:zxing-android-embedded:3.4.0] AndroidManifest.xml:43:9-33
	android:name
		ADDED from [com.journeyapps:zxing-android-embedded:3.4.0] AndroidManifest.xml:42:9-45
meta-data#android.support.VERSION
ADDED from [com.android.support:appcompat-v7:25.3.1] AndroidManifest.xml:25:5-27:34
MERGED from [com.android.support:animated-vector-drawable:25.3.1] AndroidManifest.xml:22:5-24:34
MERGED from [com.android.support:support-vector-drawable:25.3.1] AndroidManifest.xml:22:5-24:34
MERGED from [com.android.support:support-v4:25.3.1] AndroidManifest.xml:25:5-27:34
MERGED from [com.android.support:support-fragment:25.3.1] AndroidManifest.xml:25:5-27:34
MERGED from [com.android.support:support-media-compat:25.3.1] AndroidManifest.xml:25:5-27:34
MERGED from [com.android.support:support-core-ui:25.3.1] AndroidManifest.xml:25:5-27:34
MERGED from [com.android.support:support-core-utils:25.3.1] AndroidManifest.xml:25:5-27:34
MERGED from [com.android.support:support-compat:25.3.1] AndroidManifest.xml:25:5-27:34
	android:value
		ADDED from [com.android.support:appcompat-v7:25.3.1] AndroidManifest.xml:27:9-31
	android:name
		ADDED from [com.android.support:appcompat-v7:25.3.1] AndroidManifest.xml:26:9-47